<?xml version="1.0" encoding="UTF-8"?>
<testsuite name="com.petclinic.selenium.seleniumtest.SeleniumDemoTest" tests="1" skipped="0" failures="0" errors="0" timestamp="2021-12-07T21:35:13" hostname="ANDRIAN" time="3.939">
  <properties/>
  <testcase name="test_pairdesk" classname="com.petclinic.selenium.seleniumtest.SeleniumDemoTest" time="3.939"/>
  <system-out><![CDATA[16:35:12.099 [Test worker] DEBUG io.github.bonigarcia.wdm.cache.ResolutionCache - Resolution chrome=96 in cache (valid until 17:00:56 07/12/2021 EST)
16:35:12.103 [Test worker] DEBUG io.github.bonigarcia.wdm.cache.ResolutionCache - Resolution chrome96=96.0.4664.45 in cache (valid until 16:00:56 08/12/2021 EST)
16:35:12.103 [Test worker] INFO io.github.bonigarcia.wdm.WebDriverManager - Using chromedriver 96.0.4664.45 (resolved driver for Chrome 96)
16:35:12.116 [Test worker] DEBUG io.github.bonigarcia.wdm.WebDriverManager - Driver chromedriver 96.0.4664.45 found in cache
16:35:12.116 [Test worker] INFO io.github.bonigarcia.wdm.WebDriverManager - Exporting webdriver.chrome.driver as C:\Users\Andriano\.cache\selenium\chromedriver\win32\96.0.4664.45\chromedriver.exe
]]></system-out>
  <system-err><![CDATA[Starting ChromeDriver 96.0.4664.45 (76e4c1bb2ab4671b8beba3444e61c0f17584b2fc-refs/branch-heads/4664@{#947}) on port 6335
Only local connections are allowed.
Please see https://chromedriver.chromium.org/security-considerations for suggestions on keeping ChromeDriver safe.
ChromeDriver was started successfully.
Dec 07, 2021 4:35:13 PM org.openqa.selenium.remote.ProtocolHandshake createSession
INFO: Detected dialect: W3C
]]></system-err>
</testsuite>
